command - terraform destroy
docker_image.nginx: Refreshing state... [id=sha256:41f689c209100e6cadf3ce7fdd02035e90dbd1d586716bf8fc6ea55c365b2d81nginx:latest]
docker_container.nginx_container: Refreshing state... [id=a1c972bb4c877fe674f3162b00ffe561d65b2f62703c856af9b8f3bf744d6b95]

Terraform used the selected providers to generate the following execution plan. Resource actions are indicated with the following symbols:
  - destroy

Terraform will perform the following actions:

  # docker_container.nginx_container will be destroyed
  - resource "docker_container" "nginx_container" {
      - attach                                      = false -> null
      - command                                     = [
          - "nginx",
          - "-g",
          - "daemon off;",
        ] -> null
      - container_read_refresh_timeout_milliseconds = 15000 -> null
      - cpu_shares                                  = 0 -> null
      - dns                                         = [] -> null
      - dns_opts                                    = [] -> null
      - dns_search                                  = [] -> null
      - entrypoint                                  = [
          - "/docker-entrypoint.sh",
        ] -> null
      - env                                         = [] -> null
      - group_add                                   = [] -> null
      - hostname                                    = "a1c972bb4c87" -> null
      - id                                          = "a1c972bb4c877fe674f3162b00ffe561d65b2f62703c856af9b8f3bf744d6b95" -> null
      - image                                       = "nginx:latest" -> null
      - init                                        = false -> null
      - ipc_mode                                    = "private" -> null
      - log_driver                                  = "json-file" -> null
      - log_opts                                    = {} -> null
      - logs                                        = false -> null
      - max_retry_count                             = 0 -> null
      - memory                                      = 0 -> null
      - memory_swap                                 = 0 -> null
      - must_run                                    = true -> null
      - name                                        = "nginx-demo" -> null
      - network_data                                = [
          - {
              - gateway                   = "172.17.0.1"
              - global_ipv6_prefix_length = 0
              - ip_address                = "172.17.0.2"
              - ip_prefix_length          = 16
              - mac_address               = "02:42:ac:11:00:02"
              - network_name              = "bridge"
                # (2 unchanged attributes hidden)
            },
        ] -> null
      - network_mode                                = "bridge" -> null
      - privileged                                  = false -> null
      - publish_all_ports                           = false -> null
      - read_only                                   = false -> null
      - remove_volumes                              = true -> null
      - restart                                     = "no" -> null
      - rm                                          = false -> null
      - runtime                                     = "runc" -> null
      - security_opts                               = [] -> null
      - shm_size                                    = 64 -> null
      - start                                       = true -> null
      - stdin_open                                  = false -> null
      - stop_signal                                 = "SIGQUIT" -> null
      - stop_timeout                                = 0 -> null
      - storage_opts                                = {} -> null
      - sysctls                                     = {} -> null
      - tmpfs                                       = {} -> null
      - tty                                         = false -> null
      - wait                                        = false -> null
      - wait_timeout                                = 60 -> null
        # (7 unchanged attributes hidden)

      - ports {
          - external = 8080 -> null
          - internal = 80 -> null
          - ip       = "0.0.0.0" -> null
          - protocol = "tcp" -> null
        }

      - ulimit {
          - hard = 65536 -> null
          - name = "nofile" -> null
          - soft = 32768 -> null
        }
    }

  # docker_image.nginx will be destroyed
  - resource "docker_image" "nginx" {
      - id           = "sha256:41f689c209100e6cadf3ce7fdd02035e90dbd1d586716bf8fc6ea55c365b2d81nginx:latest" -> null
      - image_id     = "sha256:41f689c209100e6cadf3ce7fdd02035e90dbd1d586716bf8fc6ea55c365b2d81" -> null
      - keep_locally = false -> null
      - name         = "nginx:latest" -> null
      - repo_digest  = "nginx@sha256:d5f28ef21aabddd098f3dbc21fe5b7a7d7a184720bc07da0b6c9b9820e97f25e" -> null
    }

Plan: 0 to add, 0 to change, 2 to destroy.

Do you really want to destroy all resources?
  Terraform will destroy all your managed infrastructure, as shown above.
  There is no undo. Only 'yes' will be accepted to confirm.

  Enter a value: yes

docker_container.nginx_container: Destroying... [id=a1c972bb4c877fe674f3162b00ffe561d65b2f62703c856af9b8f3bf744d6b95]
docker_container.nginx_container: Destruction complete after 1s
docker_image.nginx: Destroying... [id=sha256:41f689c209100e6cadf3ce7fdd02035e90dbd1d586716bf8fc6ea55c365b2d81nginx:latest]
docker_image.nginx: Destruction complete after 0s

Destroy complete! Resources: 2 destroyed.

